<?xml version="1.0" encoding="UTF-8"?>
<!-- Generated by org.testng.reporters.JUnitReportReporter -->
<testsuite hostname="HP01" failures="0" tests="4" name="com.parabank.qa.testcases.AccountsOverviewPageTest" time="39.175" errors="0" timestamp="2023-01-08T12:33:51 IST" skipped="0">
  <testcase classname="com.parabank.qa.testcases.AccountsOverviewPageTest" name="verifyAccountsOverviewPageTitle" time="6.902"/>
  <system-out/>
  <testcase classname="com.parabank.qa.testcases.AccountsOverviewPageTest" name="verifyAccountOverviewText" time="8.056"/>
  <system-out/>
  <testcase classname="com.parabank.qa.testcases.AccountsOverviewPageTest" name="accountServiceText" time="11.170"/>
  <system-out/>
  <testcase classname="com.parabank.qa.testcases.AccountsOverviewPageTest" name="verifyOpenNewAccountLinkTest" time="13.047"/>
  <system-out/>
</testsuite> <!-- com.parabank.qa.testcases.AccountsOverviewPageTest -->
