<?xml version="1.0" encoding="UTF-8"?>
<!-- Generated by org.testng.reporters.JUnitReportReporter -->
<testsuite hostname="HP01" failures="0" tests="3" name="com.guru99.qa.testcases.LoginPageTest" time="18.732" errors="0" timestamp="2023-01-03T18:14:58 IST" skipped="0">
  <testcase classname="com.guru99.qa.testcases.LoginPageTest" name="loginPageTitleTest" time="5.736"/>
  <system-out/>
  <testcase classname="com.guru99.qa.testcases.LoginPageTest" name="bankNameTest" time="5.512"/>
  <system-out/>
  <testcase classname="com.guru99.qa.testcases.LoginPageTest" name="loginTest" time="7.484"/>
  <system-out/>
</testsuite> <!-- com.guru99.qa.testcases.LoginPageTest -->
