<?xml version="1.0" encoding="UTF-8"?>
<!-- Generated by org.testng.reporters.JUnitReportReporter -->
<testsuite hostname="HP01" failures="0" tests="1" name="com.guru99.qa.base.TestBase" time="11.881" errors="0" timestamp="2023-01-03T18:10:06 IST" skipped="0">
  <testcase classname="com.guru99.qa.base.TestBase" name="initialization" time="11.881"/>
  <system-out/>
</testsuite> <!-- com.guru99.qa.base.TestBase -->
