<?xml version="1.0" encoding="UTF-8"?>
<!-- Generated by org.testng.reporters.JUnitReportReporter -->
<testsuite hostname="HP01" failures="0" tests="3" name="com.parabank.qa.testcases.LoginPageTest" time="30.646" errors="0" timestamp="2023-01-07T14:05:30 IST" skipped="0">
  <testcase classname="com.parabank.qa.testcases.LoginPageTest" name="loginPageTitleTest" time="7.805"/>
  <system-out/>
  <testcase classname="com.parabank.qa.testcases.LoginPageTest" name="bankNameTest" time="7.565"/>
  <system-out/>
  <testcase classname="com.parabank.qa.testcases.LoginPageTest" name="loginTest" time="15.276"/>
  <system-out/>
</testsuite> <!-- com.parabank.qa.testcases.LoginPageTest -->
