<?xml version="1.0" encoding="UTF-8"?>
<!-- Generated by org.testng.reporters.JUnitReportReporter -->
<testsuite hostname="HP01" failures="0" tests="3" name="com.guru99.qa.testcases.ManagerHomePageTest" time="11.860" errors="0" timestamp="2023-01-07T08:46:49 IST" skipped="2">
  <testcase classname="com.guru99.qa.testcases.ManagerHomePageTest" name="verifyNewCustomerLinkTest" time="11.860"/>
  <system-out/>
  <testcase classname="com.guru99.qa.testcases.ManagerHomePageTest" name="verifyWelcomeMessage">
    <skipped/>
  </testcase> <!-- verifyWelcomeMessage -->
  <system-out/>
  <testcase classname="com.guru99.qa.testcases.ManagerHomePageTest" name="verifyManagerHomePageTitle">
    <skipped/>
  </testcase> <!-- verifyManagerHomePageTitle -->
  <system-out/>
</testsuite> <!-- com.guru99.qa.testcases.ManagerHomePageTest -->
