<?xml version="1.0" encoding="UTF-8"?>
<!-- Generated by org.testng.reporters.JUnitReportReporter -->
<testsuite skipped="0" hostname="HP01" name="com.parabank.qa.testcases.LoginPageTest" tests="4" failures="0" timestamp="2024-03-28T15:29:06 IST" time="42.480" errors="0">
  <testcase name="initialization" time="17.039" classname="com.parabank.qa.testcases.LoginPageTest"/>
  <system-out/>
  <testcase name="loginPageTitleTest" time="8.287" classname="com.parabank.qa.testcases.LoginPageTest"/>
  <system-out/>
  <testcase name="bankNameTest" time="6.010" classname="com.parabank.qa.testcases.LoginPageTest"/>
  <system-out/>
  <testcase name="loginTest" time="11.144" classname="com.parabank.qa.testcases.LoginPageTest"/>
  <system-out/>
</testsuite> <!-- com.parabank.qa.testcases.LoginPageTest -->
